[1.511s] Invoking command in '/home/arrgusr/ROS2Dev/clss_Robotica/semestre_2026_2/build/p0_py': DEBUGINFOD_URLS=https://debuginfod.ubuntu.com PYTHONPATH=/home/arrgusr/ROS2Dev/clss_Robotica/semestre_2026_2/build/p0_py/prefix_override:/usr/lib/python3/dist-packages/colcon_core/task/python/colcon_distutils_commands:/home/arrgusr/ROS2Dev/clss_Robotica/semestre_2026_2/install/p0_py/lib/python3.12/site-packages:${PYTHONPATH} /usr/bin/python3 -W ignore:setup.py install is deprecated -W ignore:easy_install command is deprecated setup.py develop --editable --build-directory /home/arrgusr/ROS2Dev/clss_Robotica/semestre_2026_2/build/p0_py/build --no-deps symlink_data
[1.803s] running develop
[1.998s] running egg_info
[1.998s] creating p0_py.egg-info
[2.012s] writing p0_py.egg-info/PKG-INFO
[2.013s] writing dependency_links to p0_py.egg-info/dependency_links.txt
[2.013s] writing entry points to p0_py.egg-info/entry_points.txt
[2.013s] writing requirements to p0_py.egg-info/requires.txt
[2.013s] writing top-level names to p0_py.egg-info/top_level.txt
[2.014s] writing manifest file 'p0_py.egg-info/SOURCES.txt'
[2.045s] reading manifest file 'p0_py.egg-info/SOURCES.txt'
[2.046s] writing manifest file 'p0_py.egg-info/SOURCES.txt'
[2.064s] running build_ext
[2.064s] Creating /home/arrgusr/ROS2Dev/clss_Robotica/semestre_2026_2/install/p0_py/lib/python3.12/site-packages/p0-py.egg-link (link to .)
[2.065s] Installing primer_node_py script to /home/arrgusr/ROS2Dev/clss_Robotica/semestre_2026_2/install/p0_py/lib/p0_py
[2.065s] Installing subscriber_node_py script to /home/arrgusr/ROS2Dev/clss_Robotica/semestre_2026_2/install/p0_py/lib/p0_py
[2.065s] 
[2.065s] Installed /home/arrgusr/ROS2Dev/clss_Robotica/semestre_2026_2/build/p0_py
[2.065s] running symlink_data
[2.065s] creating /home/arrgusr/ROS2Dev/clss_Robotica/semestre_2026_2/install/p0_py/share/ament_index
[2.065s] creating /home/arrgusr/ROS2Dev/clss_Robotica/semestre_2026_2/install/p0_py/share/ament_index/resource_index
[2.066s] creating /home/arrgusr/ROS2Dev/clss_Robotica/semestre_2026_2/install/p0_py/share/ament_index/resource_index/packages
[2.066s] symbolically linking /home/arrgusr/ROS2Dev/clss_Robotica/semestre_2026_2/build/p0_py/resource/p0_py -> /home/arrgusr/ROS2Dev/clss_Robotica/semestre_2026_2/install/p0_py/share/ament_index/resource_index/packages
[2.066s] symbolically linking /home/arrgusr/ROS2Dev/clss_Robotica/semestre_2026_2/build/p0_py/package.xml -> /home/arrgusr/ROS2Dev/clss_Robotica/semestre_2026_2/install/p0_py/share/p0_py
[2.101s] Invoked command in '/home/arrgusr/ROS2Dev/clss_Robotica/semestre_2026_2/build/p0_py' returned '0': DEBUGINFOD_URLS=https://debuginfod.ubuntu.com PYTHONPATH=/home/arrgusr/ROS2Dev/clss_Robotica/semestre_2026_2/build/p0_py/prefix_override:/usr/lib/python3/dist-packages/colcon_core/task/python/colcon_distutils_commands:/home/arrgusr/ROS2Dev/clss_Robotica/semestre_2026_2/install/p0_py/lib/python3.12/site-packages:${PYTHONPATH} /usr/bin/python3 -W ignore:setup.py install is deprecated -W ignore:easy_install command is deprecated setup.py develop --editable --build-directory /home/arrgusr/ROS2Dev/clss_Robotica/semestre_2026_2/build/p0_py/build --no-deps symlink_data
